<?xml version="1.0" encoding="UTF-8"?>
<testsuite name="com.aisg.devlogix.DevlogixApplicationTests" tests="1" skipped="0" failures="0" errors="0" timestamp="2024-12-11T13:10:58" hostname="gimjonghyeog-ui-MacBookPro-2.local" time="0.322">
  <properties/>
  <testcase name="contextLoads()" classname="com.aisg.devlogix.DevlogixApplicationTests" time="0.322"/>
  <system-out><![CDATA[22:10:56.463 [Test worker] INFO org.springframework.test.context.support.AnnotationConfigContextLoaderUtils -- Could not detect default configuration classes for test class [com.aisg.devlogix.DevlogixApplicationTests]: DevlogixApplicationTests does not declare any static, non-private, non-final, nested classes annotated with @Configuration.
22:10:56.508 [Test worker] INFO org.springframework.boot.test.context.SpringBootTestContextBootstrapper -- Found @SpringBootConfiguration com.aisg.devlogix.DevlogixApplication for test class com.aisg.devlogix.DevlogixApplicationTests

  .   ____          _            __ _ _
 /\\ / ___'_ __ _ _(_)_ __  __ _ \ \ \ \
( ( )\___ | '_ | '_| | '_ \/ _` | \ \ \ \
 \\/  ___)| |_)| | | | | || (_| |  ) ) ) )
  '  |____| .__|_| |_|_| |_\__, | / / / /
 =========|_|==============|___/=/_/_/_/

 :: Spring Boot ::       (v3.4.1-SNAPSHOT)

2024-12-11T22:10:56.652+09:00  INFO 50992 --- [devlogix] [    Test worker] c.a.devlogix.DevlogixApplicationTests    : Starting DevlogixApplicationTests using Java 23 with PID 50992 (started by enfycius in /Users/enfycius/Documents/DevLogix/devlogix)
2024-12-11T22:10:56.653+09:00  INFO 50992 --- [devlogix] [    Test worker] c.a.devlogix.DevlogixApplicationTests    : No active profile set, falling back to 1 default profile: "default"
2024-12-11T22:10:56.888+09:00  INFO 50992 --- [devlogix] [    Test worker] .s.d.r.c.RepositoryConfigurationDelegate : Bootstrapping Spring Data JPA repositories in DEFAULT mode.
2024-12-11T22:10:56.896+09:00  INFO 50992 --- [devlogix] [    Test worker] .s.d.r.c.RepositoryConfigurationDelegate : Finished Spring Data repository scanning in 4 ms. Found 0 JPA repository interfaces.
2024-12-11T22:10:57.055+09:00  INFO 50992 --- [devlogix] [    Test worker] com.zaxxer.hikari.HikariDataSource       : HikariPool-1 - Starting...
2024-12-11T22:10:57.410+09:00  INFO 50992 --- [devlogix] [    Test worker] com.zaxxer.hikari.pool.HikariPool        : HikariPool-1 - Added connection com.mysql.cj.jdbc.ConnectionImpl@66f16742
2024-12-11T22:10:57.412+09:00  INFO 50992 --- [devlogix] [    Test worker] com.zaxxer.hikari.HikariDataSource       : HikariPool-1 - Start completed.
2024-12-11T22:10:57.445+09:00  INFO 50992 --- [devlogix] [    Test worker] o.hibernate.jpa.internal.util.LogHelper  : HHH000204: Processing PersistenceUnitInfo [name: default]
2024-12-11T22:10:57.467+09:00  INFO 50992 --- [devlogix] [    Test worker] org.hibernate.Version                    : HHH000412: Hibernate ORM core version 6.6.3.Final
2024-12-11T22:10:57.479+09:00  INFO 50992 --- [devlogix] [    Test worker] o.h.c.internal.RegionFactoryInitiator    : HHH000026: Second-level cache disabled
2024-12-11T22:10:57.583+09:00  INFO 50992 --- [devlogix] [    Test worker] o.s.o.j.p.SpringPersistenceUnitInfo      : No LoadTimeWeaver setup: ignoring JPA class transformer
2024-12-11T22:10:57.625+09:00  WARN 50992 --- [devlogix] [    Test worker] org.hibernate.dialect.Dialect            : HHH000511: The 5.5.5 version for [org.hibernate.dialect.MySQLDialect] is no longer supported, hence certain features may not work properly. The minimum supported version is 8.0.0. Check the community dialects project for available legacy versions.
2024-12-11T22:10:57.631+09:00  INFO 50992 --- [devlogix] [    Test worker] org.hibernate.orm.connections.pooling    : HHH10001005: Database info:
	Database JDBC URL [Connecting through datasource 'HikariDataSource (HikariPool-1)']
	Database driver: undefined/unknown
	Database version: 5.5.5
	Autocommit mode: undefined/unknown
	Isolation level: undefined/unknown
	Minimum pool size: undefined/unknown
	Maximum pool size: undefined/unknown
2024-12-11T22:10:57.745+09:00  INFO 50992 --- [devlogix] [    Test worker] o.h.e.t.j.p.i.JtaPlatformInitiator       : HHH000489: No JTA platform available (set 'hibernate.transaction.jta.platform' to enable JTA platform integration)
2024-12-11T22:10:57.747+09:00  INFO 50992 --- [devlogix] [    Test worker] j.LocalContainerEntityManagerFactoryBean : Initialized JPA EntityManagerFactory for persistence unit 'default'
2024-12-11T22:10:57.813+09:00  WARN 50992 --- [devlogix] [    Test worker] JpaBaseConfiguration$JpaWebConfiguration : spring.jpa.open-in-view is enabled by default. Therefore, database queries may be performed during view rendering. Explicitly configure spring.jpa.open-in-view to disable this warning
2024-12-11T22:10:57.977+09:00  WARN 50992 --- [devlogix] [    Test worker] .s.s.UserDetailsServiceAutoConfiguration : 

Using generated security password: 7581a39b-84c3-43e8-895f-ff4e66e50517

This generated password is for development use only. Your security configuration must be updated before running your application in production.

2024-12-11T22:10:57.988+09:00  INFO 50992 --- [devlogix] [    Test worker] r$InitializeUserDetailsManagerConfigurer : Global AuthenticationManager configured with UserDetailsService bean with name inMemoryUserDetailsManager
2024-12-11T22:10:58.073+09:00  INFO 50992 --- [devlogix] [    Test worker] c.a.devlogix.DevlogixApplicationTests    : Started DevlogixApplicationTests in 1.51 seconds (process running for 1.993)
]]></system-out>
  <system-err><![CDATA[Mockito is currently self-attaching to enable the inline-mock-maker. This will no longer work in future releases of the JDK. Please add Mockito as an agent to your build what is described in Mockito's documentation: https://javadoc.io/doc/org.mockito/mockito-core/latest/org/mockito/Mockito.html#0.3
WARNING: A Java agent has been loaded dynamically (/Users/enfycius/.gradle/caches/modules-2/files-2.1/net.bytebuddy/byte-buddy-agent/1.15.10/e8eb255b2c378b9a6c7341e7b0e12f0a5636377/byte-buddy-agent-1.15.10.jar)
WARNING: If a serviceability tool is in use, please run with -XX:+EnableDynamicAgentLoading to hide this warning
WARNING: If a serviceability tool is not in use, please run with -Djdk.instrument.traceUsage for more information
WARNING: Dynamic loading of agents will be disallowed by default in a future release
]]></system-err>
</testsuite>
